c:\users\doviles\documents\visual studio 2015\projects\webblocker\webblocker\debug\vc140.pdb
c:\users\doviles\documents\visual studio 2015\projects\webblocker\webblocker\debug\vc140.idb
c:\users\doviles\documents\visual studio 2015\projects\webblocker\webblocker\debug\main1.obj
c:\users\doviles\documents\visual studio 2015\projects\webblocker\webblocker\debug\main2.obj
c:\users\doviles\documents\visual studio 2015\projects\webblocker\webblocker\debug\timer.obj
c:\users\doviles\documents\visual studio 2015\projects\webblocker\webblocker\debug\user.obj
c:\users\doviles\documents\visual studio 2015\projects\webblocker\webblocker\debug\webpage.obj
c:\users\doviles\documents\visual studio 2015\projects\webblocker\webblocker\debug\usersinfo.obj
c:\users\doviles\documents\visual studio 2015\projects\webblock\debug\webblocker.exe
c:\users\doviles\documents\visual studio 2015\projects\webblock\debug\webblocker.pdb
c:\users\doviles\documents\visual studio 2015\projects\webblock\webblock\debug\webblock.myform.resources
c:\users\doviles\documents\visual studio 2015\projects\webblocker\webblocker\debug\webblock.vcxproj.generateresource.cache
c:\users\doviles\documents\visual studio 2015\projects\webblocker\webblocker\debug\webblock.vcxprojresolveassemblyreference.cache
c:\users\doviles\documents\visual studio 2015\projects\webblocker\webblocker\debug\.netframework,version=v4.5.2.assemblyattributes.obj
c:\users\doviles\documents\visual studio 2015\projects\webblocker\webblocker\debug\myform.obj
c:\users\doviles\documents\visual studio 2015\projects\webblocker\webblocker\debug\webblock.myform.resources
c:\users\doviles\documents\visual studio 2015\projects\webblocker\webblocker\debug\webblocker.tlog\cl.command.1.tlog
c:\users\doviles\documents\visual studio 2015\projects\webblocker\webblocker\debug\webblocker.tlog\cl.read.1.tlog
c:\users\doviles\documents\visual studio 2015\projects\webblocker\webblocker\debug\webblocker.tlog\cl.write.1.tlog
c:\users\doviles\documents\visual studio 2015\projects\webblocker\webblocker\debug\webblocker.tlog\link.command.1.tlog
c:\users\doviles\documents\visual studio 2015\projects\webblocker\webblocker\debug\webblocker.tlog\link.read.1.tlog
c:\users\doviles\documents\visual studio 2015\projects\webblocker\webblocker\debug\webblocker.tlog\link.write.1.tlog
c:\users\doviles\documents\visual studio 2015\projects\webblocker\webblocker\debug\webblocker.tlog\metagen.read.1.tlog
c:\users\doviles\documents\visual studio 2015\projects\webblocker\webblocker\debug\webblocker.tlog\metagen.write.1.tlog
c:\users\doviles\documents\visual studio 2015\projects\webblocker\webblocker\debug\webblocker.tlog\webblocker.write.1u.tlog
c:\users\doviles\documents\visual studio 2015\projects\webblocker\webblocker\debug\webblocker.tlog\tzres.dll.bi
